#
# There is insufficient memory for the Java Runtime Environment to continue.
# Native memory allocation (malloc) failed to allocate 757536 bytes for Chunk::new
# Possible reasons:
#   The system is out of physical RAM or swap space
#   In 32 bit mode, the process size limit was hit
# Possible solutions:
#   Reduce memory load on the system
#   Increase physical memory or swap space
#   Check if swap backing store is full
#   Use 64 bit Java on a 64 bit OS
#   Decrease Java heap size (-Xmx/-Xms)
#   Decrease number of Java threads
#   Decrease Java thread stack sizes (-Xss)
#   Set larger code cache with -XX:ReservedCodeCacheSize=
# This output file may be truncated or incomplete.
#
#  Out of Memory Error (allocation.cpp:390), pid=14676, tid=9732
#
# JRE version: Java(TM) SE Runtime Environment (8.0_45-b15) (build 1.8.0_45-b15)
# Java VM: Java HotSpot(TM) 64-Bit Server VM (25.45-b02 mixed mode windows-amd64 compressed oops)
# Failed to write core dump. Minidumps are not enabled by default on client versions of Windows
#

---------------  T H R E A D  ---------------

Current thread (0x0000000017704800):  JavaThread "C2 CompilerThread1" daemon [_thread_in_native, id=9732, stack(0x0000000017dd0000,0x0000000017ed0000)]

Stack: [0x0000000017dd0000,0x0000000017ed0000]
Native frames: (J=compiled Java code, j=interpreted, Vv=VM code, C=native code)
V  [jvm.dll+0x32b57a]


Current CompileTask:
C2:    738 1136       4       com.android.dx.ssa.SCCP::simulateStmt (481 bytes)


---------------  P R O C E S S  ---------------

Java Threads: ( => current thread )
  0x000000001775a800 JavaThread "Service Thread" daemon [_thread_blocked, id=16624, stack(0x00000000180d0000,0x00000000181d0000)]
  0x000000001770a000 JavaThread "C1 CompilerThread3" daemon [_thread_in_native, id=12296, stack(0x0000000017fd0000,0x00000000180d0000)]
  0x0000000017707800 JavaThread "C2 CompilerThread2" daemon [_thread_in_native, id=3768, stack(0x0000000017ed0000,0x0000000017fd0000)]
=>0x0000000017704800 JavaThread "C2 CompilerThread1" daemon [_thread_in_native, id=9732, stack(0x0000000017dd0000,0x0000000017ed0000)]
  0x00000000176fa800 JavaThread "C2 CompilerThread0" daemon [_thread_in_native, id=5164, stack(0x0000000017cd0000,0x0000000017dd0000)]
  0x00000000176f9000 JavaThread "Attach Listener" daemon [_thread_blocked, id=11088, stack(0x0000000017bd0000,0x0000000017cd0000)]
  0x00000000176f7800 JavaThread "Signal Dispatcher" daemon [_thread_blocked, id=12160, stack(0x0000000017ad0000,0x0000000017bd0000)]
  0x0000000002bba000 JavaThread "Finalizer" daemon [_thread_blocked, id=8592, stack(0x00000000175d0000,0x00000000176d0000)]
  0x00000000156dd000 JavaThread "Reference Handler" daemon [_thread_blocked, id=13452, stack(0x00000000174d0000,0x00000000175d0000)]
  0x0000000002abe000 JavaThread "main" [_thread_in_Java, id=7848, stack(0x0000000002930000,0x0000000002a30000)]

Other Threads:
  0x00000000156d8800 VMThread [stack: 0x00000000173d0000,0x00000000174d0000] [id=17368]
  0x000000001775b000 WatcherThread [stack: 0x00000000181d0000,0x00000000182d0000] [id=14508]

VM state:not at safepoint (normal execution)

VM Mutex/Monitor currently owned by a thread: None

Heap:
 PSYoungGen      total 38400K, used 34665K [0x00000000eab00000, 0x00000000ef600000, 0x0000000100000000)
  eden space 33280K, 88% used [0x00000000eab00000,0x00000000ec7e1170,0x00000000ecb80000)
  from space 5120K, 99% used [0x00000000ecb80000,0x00000000ed079548,0x00000000ed080000)
  to   space 5120K, 0% used [0x00000000ef100000,0x00000000ef100000,0x00000000ef600000)
 ParOldGen       total 87552K, used 2027K [0x00000000c0000000, 0x00000000c5580000, 0x00000000eab00000)
  object space 87552K, 2% used [0x00000000c0000000,0x00000000c01fac98,0x00000000c5580000)
 Metaspace       used 5990K, capacity 7024K, committed 7296K, reserved 1056768K
  class space    used 588K, capacity 616K, committed 640K, reserved 1048576K

Card table byte_map: [0x0000000011f80000,0x0000000012190000] byte_map_base: 0x0000000011980000

Marking Bits: (ParMarkBitMap*) 0x0000000054604040
 Begin Bits: [0x0000000012af0000, 0x0000000013af0000)
 End Bits:   [0x0000000013af0000, 0x0000000014af0000)

Polling page: 0x0000000001000000

CodeCache: size=245760Kb used=4986Kb max_used=4986Kb free=240774Kb
 bounds [0x0000000002bc0000, 0x00000000030b0000, 0x0000000011bc0000]
 total_blobs=1662 nmethods=1393 adapters=182
 compilation: enabled

Compilation events (10 events):
Event: 0.721 Thread 0x000000001770a000 nmethod 1416 0x000000000309f3d0 code [0x000000000309f540, 0x000000000309f6c8]
Event: 0.722 Thread 0x000000001770a000 1417       2       java.util.HashMap$HashIterator::<init> (79 bytes)
Event: 0.722 Thread 0x000000001770a000 nmethod 1417 0x000000000309f790 code [0x000000000309f900, 0x000000000309fb70]
Event: 0.722 Thread 0x000000001770a000 1418       2       com.android.dx.dex.code.OutputFinisher::getAllConstants (47 bytes)
Event: 0.723 Thread 0x000000001770a000 nmethod 1418 0x000000000309fc90 code [0x000000000309fe40, 0x00000000030a0228]
Event: 0.723 Thread 0x000000001770a000 1419       1       com.android.dx.dex.code.OutputFinisher::hasAnyPositionInfo (5 bytes)
Event: 0.723 Thread 0x000000001770a000 nmethod 1419 0x00000000030a04d0 code [0x00000000030a0620, 0x00000000030a0730]
Event: 0.723 Thread 0x000000001770a000 1420       2       com.android.dx.dex.code.StdCatchBuilder::hasAnyCatches (57 bytes)
Event: 0.723 Thread 0x000000001770a000 nmethod 1420 0x00000000030a0790 code [0x00000000030a0940, 0x00000000030a0c78]
Event: 0.724 Thread 0x000000001770a000 1421       2       com.android.dx.dex.file.CodeItem::addContents (174 bytes)

GC Heap History (2 events):
Event: 0.489 GC heap before
{Heap before GC invocations=1 (full 0):
 PSYoungGen      total 38400K, used 33280K [0x00000000eab00000, 0x00000000ed580000, 0x0000000100000000)
  eden space 33280K, 100% used [0x00000000eab00000,0x00000000ecb80000,0x00000000ecb80000)
  from space 5120K, 0% used [0x00000000ed080000,0x00000000ed080000,0x00000000ed580000)
  to   space 5120K, 0% used [0x00000000ecb80000,0x00000000ecb80000,0x00000000ed080000)
 ParOldGen       total 87552K, used 0K [0x00000000c0000000, 0x00000000c5580000, 0x00000000eab00000)
  object space 87552K, 0% used [0x00000000c0000000,0x00000000c0000000,0x00000000c5580000)
 Metaspace       used 5717K, capacity 6832K, committed 7040K, reserved 1056768K
  class space    used 580K, capacity 616K, committed 640K, reserved 1048576K
Event: 0.500 GC heap after
Heap after GC invocations=1 (full 0):
 PSYoungGen      total 38400K, used 5093K [0x00000000eab00000, 0x00000000ef600000, 0x0000000100000000)
  eden space 33280K, 0% used [0x00000000eab00000,0x00000000eab00000,0x00000000ecb80000)
  from space 5120K, 99% used [0x00000000ecb80000,0x00000000ed079548,0x00000000ed080000)
  to   space 5120K, 0% used [0x00000000ef100000,0x00000000ef100000,0x00000000ef600000)
 ParOldGen       total 87552K, used 2027K [0x00000000c0000000, 0x00000000c5580000, 0x00000000eab00000)
  object space 87552K, 2% used [0x00000000c0000000,0x00000000c01fac98,0x00000000c5580000)
 Metaspace       used 5717K, capacity 6832K, committed 7040K, reserved 1056768K
  class space    used 580K, capacity 616K, committed 640K, reserved 1048576K
}

Deoptimization events (10 events):
Event: 0.708 Thread 0x0000000002abe000 Uncommon trap: reason=class_check action=maybe_recompile pc=0x0000000002fd3da8 method=java.util.Arrays.hashCode([Ljava/lang/Object;)I @ 43
Event: 0.710 Thread 0x0000000002abe000 Uncommon trap: reason=unstable_if action=reinterpret pc=0x0000000002d88f44 method=java.lang.String.replace(CC)Ljava/lang/String; @ 26
Event: 0.713 Thread 0x0000000002abe000 Uncommon trap: reason=bimorphic action=maybe_recompile pc=0x0000000002e0105c method=java.util.HashMap.getNode(ILjava/lang/Object;)Ljava/util/HashMap$Node; @ 126
Event: 0.717 Thread 0x0000000002abe000 Uncommon trap: reason=bimorphic action=maybe_recompile pc=0x0000000002e0105c method=java.util.HashMap.getNode(ILjava/lang/Object;)Ljava/util/HashMap$Node; @ 126
Event: 0.717 Thread 0x0000000002abe000 Uncommon trap: reason=class_check action=maybe_recompile pc=0x0000000002e6517c method=java.util.HashMap.putVal(ILjava/lang/Object;Ljava/lang/Object;ZZ)Ljava/lang/Object; @ 203
Event: 0.717 Thread 0x0000000002abe000 Uncommon trap: reason=bimorphic action=maybe_recompile pc=0x0000000002e0105c method=java.util.HashMap.getNode(ILjava/lang/Object;)Ljava/util/HashMap$Node; @ 126
Event: 0.717 Thread 0x0000000002abe000 Uncommon trap: reason=class_check action=maybe_recompile pc=0x0000000002e6517c method=java.util.HashMap.putVal(ILjava/lang/Object;Ljava/lang/Object;ZZ)Ljava/lang/Object; @ 203
Event: 0.718 Thread 0x0000000002abe000 Uncommon trap: reason=bimorphic action=maybe_recompile pc=0x0000000002e0b36c method=java.util.HashMap.getNode(ILjava/lang/Object;)Ljava/util/HashMap$Node; @ 126
Event: 0.718 Thread 0x0000000002abe000 Uncommon trap: reason=class_check action=maybe_recompile pc=0x0000000002e6517c method=java.util.HashMap.putVal(ILjava/lang/Object;Ljava/lang/Object;ZZ)Ljava/lang/Object; @ 203
Event: 0.718 Thread 0x0000000002abe000 Uncommon trap: reason=class_check action=maybe_recompile pc=0x0000000002e69708 method=java.util.HashMap.putVal(ILjava/lang/Object;Ljava/lang/Object;ZZ)Ljava/lang/Object; @ 203

Internal exceptions (3 events):
Event: 0.035 Thread 0x0000000002abe000 Exception <a 'java/lang/NoSuchMethodError': Method sun.misc.Unsafe.defineClass(Ljava/lang/String;[BII)Ljava/lang/Class; name or signature does not match> (0x00000000eab12f08) thrown at [C:\re\workspace\8-2-build-windows-amd64-cygwin\jdk8u45\3627\hotspot\srŠŽ?Á7¢?
Event: 0.036 Thread 0x0000000002abe000 Exception <a 'java/lang/NoSuchMethodError': Method sun.misc.Unsafe.prefetchRead(Ljava/lang/Object;J)V name or signature does not match> (0x00000000eab13198) thrown at [C:\re\workspace\8-2-build-windows-amd64-cygwin\jdk8u45\3627\hotspot\src\share\vm\prims\j"t¹gP×?
Event: 0.364 Thread 0x00000000178c7800 Implicit null exception at 0x0000000002e37fe2 to 0x0000000002e380e5

Events (10 events):
Event: 0.718 Thread 0x0000000002abe000 DEOPT PACKING pc=0x0000000002e0b36c sp=0x0000000002a2ecb0
Event: 0.718 Thread 0x0000000002abe000 DEOPT UNPACKING pc=0x0000000002c0582a sp=0x0000000002a2ec38 mode 2
Event: 0.718 Thread 0x0000000002abe000 Uncommon trap: trap_request=0xffffffde fr.pc=0x0000000002e6517c
Event: 0.718 Thread 0x0000000002abe000 DEOPT PACKING pc=0x0000000002e6517c sp=0x0000000002a2ed50
Event: 0.718 Thread 0x0000000002abe000 DEOPT UNPACKING pc=0x0000000002c0582a sp=0x0000000002a2ec78 mode 2
Event: 0.718 Thread 0x0000000002abe000 Uncommon trap: trap_request=0xffffffde fr.pc=0x0000000002e69708
Event: 0.718 Thread 0x0000000002abe000 DEOPT PACKING pc=0x0000000002e69708 sp=0x0000000002a2ecc0
Event: 0.718 Thread 0x0000000002abe000 DEOPT UNPACKING pc=0x0000000002c0582a sp=0x0000000002a2ec78 mode 2
Event: 0.720 loading class com/android/dx/dex/file/CatchStructs
Event: 0.720 loading class com/android/dx/dex/file/CatchStructs done


Dynamic libraries:
0x00007ff6098d0000 - 0x00007ff609907000 	C:\Program Files\Java\jdk1.8.0_45\bin\java.exe
0x00007ffdb6dd0000 - 0x00007ffdb6f7d000 	C:\Windows\SYSTEM32\ntdll.dll
0x00007ffdb6bb0000 - 0x00007ffdb6cee000 	C:\Windows\system32\KERNEL32.DLL
0x00007ffdb4330000 - 0x00007ffdb4445000 	C:\Windows\system32\KERNELBASE.dll
0x00007ffdb2ac0000 - 0x00007ffdb2b4e000 	C:\Windows\system32\apphelp.dll
0x00007ffd9b590000 - 0x00007ffd9b5e3000 	C:\Windows\AppPatch\AppPatch64\AcGenral.DLL
0x00007ffdb46d0000 - 0x00007ffdb477a000 	C:\Windows\system32\msvcrt.dll
0x00007ffdb3dc0000 - 0x00007ffdb3dee000 	C:\Windows\SYSTEM32\SspiCli.dll
0x00007ffdb4920000 - 0x00007ffdb4974000 	C:\Windows\system32\SHLWAPI.dll
0x00007ffdb6240000 - 0x00007ffdb63b7000 	C:\Windows\system32\USER32.dll
0x00007ffdb4780000 - 0x00007ffdb4914000 	C:\Windows\system32\ole32.dll
0x00007ffdb4d10000 - 0x00007ffdb623a000 	C:\Windows\system32\SHELL32.dll
0x00007ffdb3520000 - 0x00007ffdb3541000 	C:\Windows\SYSTEM32\USERENV.dll
0x00007ffdb4c60000 - 0x00007ffdb4d0a000 	C:\Windows\system32\ADVAPI32.dll
0x00007ffda8b00000 - 0x00007ffda8b1e000 	C:\Windows\SYSTEM32\MPR.dll
0x00007ffdb4490000 - 0x00007ffdb45d1000 	C:\Windows\system32\RPCRT4.dll
0x00007ffdb6d70000 - 0x00007ffdb6dc9000 	C:\Windows\SYSTEM32\sechost.dll
0x00007ffdb6990000 - 0x00007ffdb6ba1000 	C:\Windows\SYSTEM32\combase.dll
0x00007ffdb4a50000 - 0x00007ffdb4ba0000 	C:\Windows\system32\GDI32.dll
0x00007ffdb3f20000 - 0x00007ffdb3f35000 	C:\Windows\SYSTEM32\profapi.dll
0x00007ffdb2470000 - 0x00007ffdb2522000 	C:\Windows\SYSTEM32\SHCORE.dll
0x00007ffdb4450000 - 0x00007ffdb4486000 	C:\Windows\system32\IMM32.DLL
0x00007ffdb63c0000 - 0x00007ffdb6512000 	C:\Windows\system32\MSCTF.dll
0x00007ffdb1b40000 - 0x00007ffdb1dbb000 	C:\Windows\WinSxS\amd64_microsoft.windows.common-controls_6595b64144ccf1df_6.0.9600.18006_none_623f33d3ecbe86e8\COMCTL32.dll
0x0000000054690000 - 0x0000000054762000 	C:\Program Files\Java\jdk1.8.0_45\jre\bin\msvcr100.dll
0x0000000053e00000 - 0x0000000054683000 	C:\Program Files\Java\jdk1.8.0_45\jre\bin\server\jvm.dll
0x00007ffda8e00000 - 0x00007ffda8e09000 	C:\Windows\SYSTEM32\WSOCK32.dll
0x00007ffdaf310000 - 0x00007ffdaf332000 	C:\Windows\SYSTEM32\WINMM.dll
0x00007ffdb1dc0000 - 0x00007ffdb1dca000 	C:\Windows\SYSTEM32\VERSION.dll
0x00007ffdb6980000 - 0x00007ffdb6987000 	C:\Windows\system32\PSAPI.DLL
0x00007ffdb6d10000 - 0x00007ffdb6d6a000 	C:\Windows\system32\WS2_32.dll
0x00007ffdaee80000 - 0x00007ffdaeeaa000 	C:\Windows\SYSTEM32\WINMMBASE.dll
0x00007ffdb45e0000 - 0x00007ffdb45e9000 	C:\Windows\system32\NSI.dll
0x00007ffdb42e0000 - 0x00007ffdb432f000 	C:\Windows\SYSTEM32\cfgmgr32.dll
0x00007ffdb2d30000 - 0x00007ffdb2d58000 	C:\Windows\SYSTEM32\DEVOBJ.dll
0x0000000055580000 - 0x000000005558f000 	C:\Program Files\Java\jdk1.8.0_45\jre\bin\verify.dll
0x0000000055550000 - 0x0000000055579000 	C:\Program Files\Java\jdk1.8.0_45\jre\bin\java.dll
0x0000000055410000 - 0x0000000055426000 	C:\Program Files\Java\jdk1.8.0_45\jre\bin\zip.dll
0x00007ffd9fce0000 - 0x00007ffd9fe69000 	C:\Windows\SYSTEM32\dbghelp.dll

VM Arguments:
jvm_args: -Djava.awt.headless=true -Xmx1024M -Dfile.encoding=windows-1250 -Duser.country=PL -Duser.language=pl -Duser.variant 
java_command: com.android.dx.command.Main --dex --num-threads=4 --output C:\Projekty\Inzynierka\DronVision\app\build\intermediates\pre-dexed\debug\debug_567263d1c6a82545e66e0dbff2e97acc8b573a71.jar C:\Projekty\Inzynierka\DronVision\app\build\intermediates\classes\debug
java_class_path (initial): C:\Soft\Android\sdk\build-tools\23.0.1\lib\dx.jar
Launcher Type: SUN_STANDARD

Environment Variables:
JAVA_HOME=C:\Program Files\Java\jdk1.8.0_45
PATH=C:\ProgramData\Oracle\Java\javapath;C:\Program Files (x86)\NVIDIA Corporation\PhysX\Common;C:\Program Files (x86)\Intel\iCLS Client\;C:\Program Files\Intel\iCLS Client\;C:\Windows\system32;C:\Windows;C:\Windows\System32\Wbem;C:\Windows\System32\WindowsPowerShell\v1.0\;C:\Program Files\Intel\Intel(R) Management Engine Components\DAL;C:\Program Files\Intel\Intel(R) Management Engine Components\IPT;C:\Program Files (x86)\Intel\Intel(R) Management Engine Components\DAL;C:\Program Files (x86)\Intel\Intel(R) Management Engine Components\IPT;C:\Program Files (x86)\Windows Kits\8.1\Windows Performance Toolkit\;C:\Program Files\Microsoft SQL Server\110\Tools\Binn\;C:\Program Files (x86)\Microsoft SDKs\TypeScript\1.0\;C:\Program Files (x86)\CMake\bin;C:\Qt\Tools\mingw491_32\binC:\Program Files\Java\jdk1.7.0_79\bin;C:\Biblioteki\opencv\build\x64\vc12\bin;C:\Program Files\doxygen\bin;C:\Program Files\MySQL\MySQL Server 5.6\bin;C:\Program Files\Java\jdk1.8.0_45\bin;C:\Soft\apache-maven-3.3.3/bin;C:\Program Files (x86)\Calibre2\;C:\Program Files\Intel\WiFi\bin\;C:\Program Files\Common Files\Intel\WirelessCommon\;c:\Program Files (x86)\Microsoft SQL Server\110\Tools\Binn\;c:\Program Files\Microsoft SQL Server\110\DTS\Binn\;c:\Program Files (x86)\Microsoft SQL Server\110\Tools\Binn\ManagementStudio\;c:\Program Files (x86)\Microsoft SQL Server\110\DTS\Binn\;C:\Soft\nodejs\;C:\Soft\Brackets\command;C:\Program Files\Java\jre1.8.0_45\bin;C:\Program Files\Intel\WiFi\bin\;C:\Program Files\Common Files\Intel\WirelessCommon\;C:\Soft\Git\cmd;C:\Users\Miix\AppData\Roaming\npm
USERNAME=Miix
OS=Windows_NT
PROCESSOR_IDENTIFIER=Intel64 Family 6 Model 60 Stepping 3, GenuineIntel



---------------  S Y S T E M  ---------------

OS: Windows 8.1 , 64 bit Build 9600 (6.3.9600.17415)

CPU:total 8 (4 cores per cpu, 2 threads per core) family 6 model 60 stepping 3, cmov, cx8, fxsr, mmx, sse, sse2, sse3, ssse3, sse4.1, sse4.2, popcnt, avx, avx2, aes, clmul, erms, lzcnt, ht, tsc, tscinvbit, bmi1, bmi2

Memory: 4k page, physical 8268708k(989348k free), swap 11414436k(4616k free)

vm_info: Java HotSpot(TM) 64-Bit Server VM (25.45-b02) for windows-amd64 JRE (1.8.0_45-b15), built on Apr 30 2015 12:40:44 by "java_re" with MS VC++ 10.0 (VS2010)

time: Wed Apr 06 20:51:17 2016
elapsed time: 0 seconds (0d 0h 0m 0s)

